<?xml version="1.0" encoding="UTF-8"?>
<testsuite name="com.sage.sage.microservices.SageMicroservicesApplicationTests" tests="1" skipped="0" failures="0" errors="0" timestamp="2023-08-27T11:47:52" hostname="SBSA-MAC-KQ2L5C6974" time="0.522">
  <properties/>
  <testcase name="contextLoads()" classname="com.sage.sage.microservices.SageMicroservicesApplicationTests" time="0.522"/>
  <system-out><![CDATA[13:47:44.275 [Test worker] INFO org.springframework.test.context.support.AnnotationConfigContextLoaderUtils -- Could not detect default configuration classes for test class [com.sage.sage.microservices.SageMicroservicesApplicationTests]: SageMicroservicesApplicationTests does not declare any static, non-private, non-final, nested classes annotated with @Configuration.
13:47:44.334 [Test worker] INFO org.springframework.boot.test.context.SpringBootTestContextBootstrapper -- Found @SpringBootConfiguration com.sage.sage.microservices.SageMicroservicesApplication for test class com.sage.sage.microservices.SageMicroservicesApplicationTests

  .   ____          _            __ _ _
 /\\ / ___'_ __ _ _(_)_ __  __ _ \ \ \ \
( ( )\___ | '_ | '_| | '_ \/ _` | \ \ \ \
 \\/  ___)| |_)| | | | | || (_| |  ) ) ) )
  '  |____| .__|_| |_|_| |_\__, | / / / /
 =========|_|==============|___/=/_/_/_/
 :: Spring Boot ::                (v3.1.3)

2023-08-27T13:47:44.509+02:00  INFO 54589 --- [    Test worker] .s.s.m.SageMicroservicesApplicationTests : Starting SageMicroservicesApplicationTests using Java 17.0.7 with PID 54589 (started by kgaugelo.ramaramela in /Users/kgaugelo.ramaramela/sage-microservices)
2023-08-27T13:47:44.510+02:00  INFO 54589 --- [    Test worker] .s.s.m.SageMicroservicesApplicationTests : No active profile set, falling back to 1 default profile: "default"
Using Azure Cosmos DB endpoint: https://sage-kosha.documents.azure.com:443/
2023-08-27T13:47:45.335+02:00  INFO 54589 --- [    Test worker] c.a.c.i.RxDocumentClientImpl             : Initializing DocumentClient [1] with serviceEndpoint [https://sage-kosha.documents.azure.com:443/], connectionPolicy [ConnectionPolicy{httpNetworkRequestTimeout=PT1M, tcpNetworkRequestTimeout=PT5S, connectionMode=DIRECT, maxConnectionPoolSize=1000, idleHttpConnectionTimeout=PT1M, idleTcpConnectionTimeout=PT0S, userAgentSuffix='CosmosDBJavaQuickstart', throttlingRetryOptions=RetryOptions{maxRetryAttemptsOnThrottledRequests=9, maxRetryWaitTime=PT30S}, endpointDiscoveryEnabled=true, preferredRegions=[West US], multipleWriteRegionsEnabled=true, proxyType=null, inetSocketProxyAddress=null, readRequestsFallbackEnabled=true, connectTimeout=PT5S, idleTcpEndpointTimeout=PT1H, maxConnectionsPerEndpoint=130, maxRequestsPerConnection=30, tcpConnectionEndpointRediscoveryEnabled=true, ioThreadPriority=5, ioThreadCountPerCoreFactor=2, tcpHealthCheckTimeoutDetectionEnabled=true, minConnectionPoolSizePerEndpoint=1, openConnectionsConcurrency=1, aggressiveWarmupConcurrency=10}], consistencyLevel [Eventual], directModeProtocol [Tcp]
2023-08-27T13:47:45.456+02:00  INFO 54589 --- [smos-parallel-1] c.a.c.i.RxDocumentClientImpl             : Getting database account endpoint from https://sage-kosha.documents.azure.com:443/
2023-08-27T13:47:47.954+02:00  INFO 54589 --- [    Test worker] c.a.c.i.d.RntbdTransportClient           : Using default Direct TCP options: azure.cosmos.directTcp.defaultOptions
2023-08-27T13:47:47.963+02:00  INFO 54589 --- [    Test worker] Endpoint$RntbdEndpointMonitoringProvider : Starting RntbdClientChannelPoolMonitoringProvider ...
2023-08-27T13:47:47.988+02:00  INFO 54589 --- [    Test worker] com.azure.cosmos.CosmosClientBuilder     : Cosmos Client with (Correlation) ID [00001] started up in [2784] ms with the following configuration: serviceEndpoint [https://sage-kosha.documents.azure.com:443/], preferredRegions [[West US]], connectionPolicy [ConnectionPolicy{httpNetworkRequestTimeout=PT1M, tcpNetworkRequestTimeout=PT5S, connectionMode=DIRECT, maxConnectionPoolSize=1000, idleHttpConnectionTimeout=PT1M, idleTcpConnectionTimeout=PT0S, userAgentSuffix='CosmosDBJavaQuickstart', throttlingRetryOptions=RetryOptions{maxRetryAttemptsOnThrottledRequests=9, maxRetryWaitTime=PT30S}, endpointDiscoveryEnabled=true, preferredRegions=[West US], multipleWriteRegionsEnabled=true, proxyType=null, inetSocketProxyAddress=null, readRequestsFallbackEnabled=true, connectTimeout=PT5S, idleTcpEndpointTimeout=PT1H, maxConnectionsPerEndpoint=130, maxRequestsPerConnection=30, tcpConnectionEndpointRediscoveryEnabled=true, ioThreadPriority=5, ioThreadCountPerCoreFactor=2, tcpHealthCheckTimeoutDetectionEnabled=true, minConnectionPoolSizePerEndpoint=1, openConnectionsConcurrency=1, aggressiveWarmupConcurrency=10}], consistencyLevel [Eventual], contentResponseOnWriteEnabled [false], sessionCapturingOverride [false], connectionSharingAcrossClients [false], clientTelemetryEnabled [false], proactiveContainerInit [null], diagnostics [{samplingRate=1.0, thresholds={pointOperationLatencyThreshold=PT1S, nonPointOperationLatencyThreshold=PT3S, requestChargeThreshold=1000.0, payloadSizeInBytesThreshold=2147483647, customFailureHandler=false}, clientCorrelationId=null, clientTelemetryEnabled=false, clientMetricsEnabled=false, transportLevelTracingEnabled=false, customTracerProvided=false, customDiagnosticHandlers=()}], tracing [false, false]
Create database usersdatabaseName if not exists.
Checking database users completed!

Create container Items if not exists.
Checking container completed!

Demo complete, please hold while resources are released
Closing the client
2023-08-27T13:47:52.526+02:00  INFO 54589 --- [    Test worker] .s.s.m.SageMicroservicesApplicationTests : Started SageMicroservicesApplicationTests in 8.131 seconds (process running for 8.883)
]]></system-out>
  <system-err><![CDATA[]]></system-err>
</testsuite>
