<?xml version="1.0" encoding="UTF-8"?>
<testsuite name="com.sage.sage.microservices.SageMicroservicesApplicationTests" tests="1" skipped="0" failures="0" errors="0" timestamp="2023-08-26T13:00:56" hostname="SBSA-MAC-KQ2L5C6974" time="0.582">
  <properties/>
  <testcase name="contextLoads()" classname="com.sage.sage.microservices.SageMicroservicesApplicationTests" time="0.582"/>
  <system-out><![CDATA[15:00:55.827 [Test worker] INFO org.springframework.test.context.support.AnnotationConfigContextLoaderUtils -- Could not detect default configuration classes for test class [com.sage.sage.microservices.SageMicroservicesApplicationTests]: SageMicroservicesApplicationTests does not declare any static, non-private, non-final, nested classes annotated with @Configuration.
15:00:55.898 [Test worker] INFO org.springframework.boot.test.context.SpringBootTestContextBootstrapper -- Found @SpringBootConfiguration com.sage.sage.microservices.SageMicroservicesApplication for test class com.sage.sage.microservices.SageMicroservicesApplicationTests

  .   ____          _            __ _ _
 /\\ / ___'_ __ _ _(_)_ __  __ _ \ \ \ \
( ( )\___ | '_ | '_| | '_ \/ _` | \ \ \ \
 \\/  ___)| |_)| | | | | || (_| |  ) ) ) )
  '  |____| .__|_| |_|_| |_\__, | / / / /
 =========|_|==============|___/=/_/_/_/
 :: Spring Boot ::                (v3.1.3)

2023-08-26T15:00:56.117+02:00  INFO 13421 --- [    Test worker] .s.s.m.SageMicroservicesApplicationTests : Starting SageMicroservicesApplicationTests using Java 17.0.7 with PID 13421 (started by kgaugelo.ramaramela in /Users/kgaugelo.ramaramela/sage-microservices)
2023-08-26T15:00:56.118+02:00  INFO 13421 --- [    Test worker] .s.s.m.SageMicroservicesApplicationTests : No active profile set, falling back to 1 default profile: "default"
2023-08-26T15:00:56.960+02:00  INFO 13421 --- [    Test worker] .s.s.m.SageMicroservicesApplicationTests : Started SageMicroservicesApplicationTests in 0.962 seconds (process running for 1.842)
]]></system-out>
  <system-err><![CDATA[]]></system-err>
</testsuite>
